<?xml version="1.0" encoding="UTF-8"?>
<!-- Generated by org.testng.reporters.JUnitXMLReporter -->
<testsuite hostname="DESKTOP-0QABEA8" ignored="0" name="Carwale App Test Cases" tests="8" failures="1" timestamp="03 Sep 2019 09:27:55 GMT" time="128.596" errors="0">
  <testcase name="verifyNewCarsHeadingTest" time="0.113" classname="carwale.qa.testcases.NewCarsPageTest"/>
  <testcase name="validateCreateNewSignUp" time="1.901" classname="carwale.qa.testcases.SignUpPageTest"/>
  <testcase name="validateCreateNewSignUp" time="1.967" classname="carwale.qa.testcases.SignUpPageTest"/>
  <testcase name="validateCreateNewSignUp" time="1.963" classname="carwale.qa.testcases.SignUpPageTest"/>
  <testcase name="homePageTitleTest" time="0.01" classname="carwale.qa.testcases.HomePageTest"/>
  <testcase name="clickOnNewCarsLinkTest" time="6.799" classname="carwale.qa.testcases.HomePageTest"/>
  <testcase name="validateSearchBoxTest" time="9.965" classname="carwale.qa.testcases.HomePageTest">
    <failure type="java.lang.AssertionError" message="expected [Porsche Macan Price in India - Images, Mileage, Colours - CarWale] but found [Maruti Cars in India - Maruti Car Models - Prices, Reviews &amp;amp; Dealers - CarWale]">
      <![CDATA[java.lang.AssertionError: expected [Porsche Macan Price in India - Images, Mileage, Colours - CarWale] but found [Maruti Cars in India - Maruti Car Models - Prices, Reviews & Dealers - CarWale]
	at carwale.qa.testcases.HomePageTest.validateSearchBoxTest(HomePageTest.java:40)
... Removed 31 stack frames]]>
    </failure>
  </testcase> <!-- validateSearchBoxTest -->
  <testcase name="openSignUpPage" time="0.428" classname="carwale.qa.testcases.HomePageTest"/>
</testsuite> <!-- Carwale App Test Cases -->
