<?xml version="1.0" encoding="UTF-8"?>
<testng-results skipped="0" failed="1" ignored="0" total="8" passed="7">
  <reporter-output>
  </reporter-output>
  <suite name="Carwale Application Test Automation Test Suite" duration-ms="128596" started-at="2019-09-03T09:25:46Z" finished-at="2019-09-03T09:27:55Z">
    <groups>
    </groups>
    <test name="Carwale App Test Cases" duration-ms="128596" started-at="2019-09-03T09:25:46Z" finished-at="2019-09-03T09:27:55Z">
      <class name="carwale.qa.testcases.HomePageTest">
        <test-method status="PASS" signature="setup()[pri:0, instance:carwale.qa.testcases.HomePageTest@d8355a8]" name="setup" is-config="true" duration-ms="8709" started-at="2019-09-03T14:56:53Z" finished-at="2019-09-03T14:57:01Z">
          <reporter-output>
          </reporter-output>
        </test-method> <!-- setup -->
        <test-method status="PASS" signature="homePageTitleTest()[pri:1, instance:carwale.qa.testcases.HomePageTest@d8355a8]" name="homePageTitleTest" duration-ms="10" started-at="2019-09-03T14:57:01Z" finished-at="2019-09-03T14:57:01Z">
          <reporter-output>
          </reporter-output>
        </test-method> <!-- homePageTitleTest -->
        <test-method status="PASS" signature="tearDown()[pri:0, instance:carwale.qa.testcases.HomePageTest@d8355a8]" name="tearDown" is-config="true" duration-ms="967" started-at="2019-09-03T14:57:01Z" finished-at="2019-09-03T14:57:02Z">
          <reporter-output>
          </reporter-output>
        </test-method> <!-- tearDown -->
        <test-method status="PASS" signature="setup()[pri:0, instance:carwale.qa.testcases.HomePageTest@d8355a8]" name="setup" is-config="true" duration-ms="9022" started-at="2019-09-03T14:57:02Z" finished-at="2019-09-03T14:57:11Z">
          <reporter-output>
          </reporter-output>
        </test-method> <!-- setup -->
        <test-method status="PASS" signature="clickOnNewCarsLinkTest()[pri:2, instance:carwale.qa.testcases.HomePageTest@d8355a8]" name="clickOnNewCarsLinkTest" duration-ms="6799" started-at="2019-09-03T14:57:11Z" finished-at="2019-09-03T14:57:18Z">
          <reporter-output>
          </reporter-output>
        </test-method> <!-- clickOnNewCarsLinkTest -->
        <test-method status="PASS" signature="tearDown()[pri:0, instance:carwale.qa.testcases.HomePageTest@d8355a8]" name="tearDown" is-config="true" duration-ms="947" started-at="2019-09-03T14:57:18Z" finished-at="2019-09-03T14:57:19Z">
          <reporter-output>
          </reporter-output>
        </test-method> <!-- tearDown -->
        <test-method status="PASS" signature="setup()[pri:0, instance:carwale.qa.testcases.HomePageTest@d8355a8]" name="setup" is-config="true" duration-ms="11457" started-at="2019-09-03T14:57:19Z" finished-at="2019-09-03T14:57:30Z">
          <reporter-output>
          </reporter-output>
        </test-method> <!-- setup -->
        <test-method status="FAIL" signature="validateSearchBoxTest()[pri:3, instance:carwale.qa.testcases.HomePageTest@d8355a8]" name="validateSearchBoxTest" duration-ms="9965" started-at="2019-09-03T14:57:30Z" finished-at="2019-09-03T14:57:40Z">
          <exception class="java.lang.AssertionError">
            <message>
              <![CDATA[expected [Porsche Macan Price in India - Images, Mileage, Colours - CarWale] but found [Maruti Cars in India - Maruti Car Models - Prices, Reviews & Dealers - CarWale]]]>
            </message>
            <full-stacktrace>
              <![CDATA[java.lang.AssertionError: expected [Porsche Macan Price in India - Images, Mileage, Colours - CarWale] but found [Maruti Cars in India - Maruti Car Models - Prices, Reviews & Dealers - CarWale]
	at org.testng.Assert.fail(Assert.java:93)
	at org.testng.Assert.failNotEquals(Assert.java:512)
	at org.testng.Assert.assertEqualsImpl(Assert.java:134)
	at org.testng.Assert.assertEquals(Assert.java:115)
	at org.testng.Assert.assertEquals(Assert.java:189)
	at org.testng.Assert.assertEquals(Assert.java:199)
	at carwale.qa.testcases.HomePageTest.validateSearchBoxTest(HomePageTest.java:40)
	at sun.reflect.NativeMethodAccessorImpl.invoke0(Native Method)
	at sun.reflect.NativeMethodAccessorImpl.invoke(Unknown Source)
	at sun.reflect.DelegatingMethodAccessorImpl.invoke(Unknown Source)
	at java.lang.reflect.Method.invoke(Unknown Source)
	at org.testng.internal.MethodInvocationHelper.invokeMethod(MethodInvocationHelper.java:108)
	at org.testng.internal.Invoker.invokeMethod(Invoker.java:661)
	at org.testng.internal.Invoker.invokeTestMethod(Invoker.java:869)
	at org.testng.internal.Invoker.invokeTestMethods(Invoker.java:1193)
	at org.testng.internal.TestMethodWorker.invokeTestMethods(TestMethodWorker.java:126)
	at org.testng.internal.TestMethodWorker.run(TestMethodWorker.java:109)
	at org.testng.TestRunner.privateRun(TestRunner.java:744)
	at org.testng.TestRunner.run(TestRunner.java:602)
	at org.testng.SuiteRunner.runTest(SuiteRunner.java:380)
	at org.testng.SuiteRunner.runSequentially(SuiteRunner.java:375)
	at org.testng.SuiteRunner.privateRun(SuiteRunner.java:340)
	at org.testng.SuiteRunner.run(SuiteRunner.java:289)
	at org.testng.SuiteRunnerWorker.runSuite(SuiteRunnerWorker.java:52)
	at org.testng.SuiteRunnerWorker.run(SuiteRunnerWorker.java:86)
	at org.testng.TestNG.runSuitesSequentially(TestNG.java:1301)
	at org.testng.TestNG.runSuitesLocally(TestNG.java:1226)
	at org.testng.TestNG.runSuites(TestNG.java:1144)
	at org.testng.TestNG.run(TestNG.java:1115)
	at org.testng.remote.AbstractRemoteTestNG.run(AbstractRemoteTestNG.java:114)
	at org.testng.remote.RemoteTestNG.initAndRun(RemoteTestNG.java:251)
	at org.testng.remote.RemoteTestNG.main(RemoteTestNG.java:77)
]]>
            </full-stacktrace>
          </exception> <!-- java.lang.AssertionError -->
          <reporter-output>
          </reporter-output>
        </test-method> <!-- validateSearchBoxTest -->
        <test-method status="PASS" signature="tearDown()[pri:0, instance:carwale.qa.testcases.HomePageTest@d8355a8]" name="tearDown" is-config="true" duration-ms="1015" started-at="2019-09-03T14:57:41Z" finished-at="2019-09-03T14:57:42Z">
          <reporter-output>
          </reporter-output>
        </test-method> <!-- tearDown -->
        <test-method status="PASS" signature="setup()[pri:0, instance:carwale.qa.testcases.HomePageTest@d8355a8]" name="setup" is-config="true" duration-ms="11613" started-at="2019-09-03T14:57:42Z" finished-at="2019-09-03T14:57:53Z">
          <reporter-output>
          </reporter-output>
        </test-method> <!-- setup -->
        <test-method status="PASS" signature="openSignUpPage()[pri:4, instance:carwale.qa.testcases.HomePageTest@d8355a8]" name="openSignUpPage" duration-ms="428" started-at="2019-09-03T14:57:53Z" finished-at="2019-09-03T14:57:54Z">
          <reporter-output>
          </reporter-output>
        </test-method> <!-- openSignUpPage -->
        <test-method status="PASS" signature="tearDown()[pri:0, instance:carwale.qa.testcases.HomePageTest@d8355a8]" name="tearDown" is-config="true" duration-ms="969" started-at="2019-09-03T14:57:54Z" finished-at="2019-09-03T14:57:55Z">
          <reporter-output>
          </reporter-output>
        </test-method> <!-- tearDown -->
      </class> <!-- carwale.qa.testcases.HomePageTest -->
      <class name="carwale.qa.testcases.SignUpPageTest">
        <test-method status="PASS" signature="setUp()[pri:0, instance:carwale.qa.testcases.SignUpPageTest@59fa1d9b]" name="setUp" is-config="true" duration-ms="9508" started-at="2019-09-03T14:56:17Z" finished-at="2019-09-03T14:56:26Z">
          <reporter-output>
          </reporter-output>
        </test-method> <!-- setUp -->
        <test-method status="PASS" signature="validateCreateNewSignUp(java.lang.String, java.lang.String, java.lang.String, java.lang.String, java.lang.String)[pri:0, instance:carwale.qa.testcases.SignUpPageTest@59fa1d9b]" name="validateCreateNewSignUp" duration-ms="1901" started-at="2019-09-03T14:56:26Z" data-provider="getSignUpTestData" finished-at="2019-09-03T14:56:28Z">
          <params>
            <param index="0">
              <value>
                <![CDATA[Rahul]]>
              </value>
            </param>
            <param index="1">
              <value>
                <![CDATA[Rahul@gmail.com]]>
              </value>
            </param>
            <param index="2">
              <value>
                <![CDATA[9.999988888E9]]>
              </value>
            </param>
            <param index="3">
              <value>
                <![CDATA[Rahul@123]]>
              </value>
            </param>
            <param index="4">
              <value>
                <![CDATA[Rahul@123]]>
              </value>
            </param>
          </params>
          <reporter-output>
          </reporter-output>
        </test-method> <!-- validateCreateNewSignUp -->
        <test-method status="PASS" signature="tearDown()[pri:0, instance:carwale.qa.testcases.SignUpPageTest@59fa1d9b]" name="tearDown" is-config="true" duration-ms="936" started-at="2019-09-03T14:56:28Z" finished-at="2019-09-03T14:56:29Z">
          <reporter-output>
          </reporter-output>
        </test-method> <!-- tearDown -->
        <test-method status="PASS" signature="setUp()[pri:0, instance:carwale.qa.testcases.SignUpPageTest@59fa1d9b]" name="setUp" is-config="true" duration-ms="9678" started-at="2019-09-03T14:56:29Z" finished-at="2019-09-03T14:56:39Z">
          <reporter-output>
          </reporter-output>
        </test-method> <!-- setUp -->
        <test-method status="PASS" signature="validateCreateNewSignUp(java.lang.String, java.lang.String, java.lang.String, java.lang.String, java.lang.String)[pri:0, instance:carwale.qa.testcases.SignUpPageTest@59fa1d9b]" name="validateCreateNewSignUp" duration-ms="1967" started-at="2019-09-03T14:56:39Z" data-provider="getSignUpTestData" finished-at="2019-09-03T14:56:41Z">
          <params>
            <param index="0">
              <value>
                <![CDATA[Karan]]>
              </value>
            </param>
            <param index="1">
              <value>
                <![CDATA[Karan@gmail.com]]>
              </value>
            </param>
            <param index="2">
              <value>
                <![CDATA[9.999978787E9]]>
              </value>
            </param>
            <param index="3">
              <value>
                <![CDATA[Karan@123]]>
              </value>
            </param>
            <param index="4">
              <value>
                <![CDATA[Karan@123]]>
              </value>
            </param>
          </params>
          <reporter-output>
          </reporter-output>
        </test-method> <!-- validateCreateNewSignUp -->
        <test-method status="PASS" signature="tearDown()[pri:0, instance:carwale.qa.testcases.SignUpPageTest@59fa1d9b]" name="tearDown" is-config="true" duration-ms="919" started-at="2019-09-03T14:56:41Z" finished-at="2019-09-03T14:56:42Z">
          <reporter-output>
          </reporter-output>
        </test-method> <!-- tearDown -->
        <test-method status="PASS" signature="setUp()[pri:0, instance:carwale.qa.testcases.SignUpPageTest@59fa1d9b]" name="setUp" is-config="true" duration-ms="8045" started-at="2019-09-03T14:56:42Z" finished-at="2019-09-03T14:56:50Z">
          <reporter-output>
          </reporter-output>
        </test-method> <!-- setUp -->
        <test-method status="PASS" signature="validateCreateNewSignUp(java.lang.String, java.lang.String, java.lang.String, java.lang.String, java.lang.String)[pri:0, instance:carwale.qa.testcases.SignUpPageTest@59fa1d9b]" name="validateCreateNewSignUp" duration-ms="1963" started-at="2019-09-03T14:56:50Z" data-provider="getSignUpTestData" finished-at="2019-09-03T14:56:52Z">
          <params>
            <param index="0">
              <value>
                <![CDATA[Vishal]]>
              </value>
            </param>
            <param index="1">
              <value>
                <![CDATA[Vishal@gmail.com]]>
              </value>
            </param>
            <param index="2">
              <value>
                <![CDATA[8.888878787E9]]>
              </value>
            </param>
            <param index="3">
              <value>
                <![CDATA[Vishal@123]]>
              </value>
            </param>
            <param index="4">
              <value>
                <![CDATA[Vishal@123]]>
              </value>
            </param>
          </params>
          <reporter-output>
          </reporter-output>
        </test-method> <!-- validateCreateNewSignUp -->
        <test-method status="PASS" signature="tearDown()[pri:0, instance:carwale.qa.testcases.SignUpPageTest@59fa1d9b]" name="tearDown" is-config="true" duration-ms="976" started-at="2019-09-03T14:56:52Z" finished-at="2019-09-03T14:56:53Z">
          <reporter-output>
          </reporter-output>
        </test-method> <!-- tearDown -->
      </class> <!-- carwale.qa.testcases.SignUpPageTest -->
      <class name="carwale.qa.testcases.NewCarsPageTest">
        <test-method status="PASS" signature="setUp()[pri:0, instance:carwale.qa.testcases.NewCarsPageTest@46d56d67]" name="setUp" is-config="true" duration-ms="28045" started-at="2019-09-03T14:55:46Z" finished-at="2019-09-03T14:56:14Z">
          <reporter-output>
          </reporter-output>
        </test-method> <!-- setUp -->
        <test-method status="PASS" signature="verifyNewCarsHeadingTest()[pri:0, instance:carwale.qa.testcases.NewCarsPageTest@46d56d67]" name="verifyNewCarsHeadingTest" duration-ms="113" started-at="2019-09-03T14:56:14Z" finished-at="2019-09-03T14:56:14Z">
          <reporter-output>
          </reporter-output>
        </test-method> <!-- verifyNewCarsHeadingTest -->
        <test-method status="PASS" signature="tearDown()[pri:0, instance:carwale.qa.testcases.NewCarsPageTest@46d56d67]" name="tearDown" is-config="true" duration-ms="936" started-at="2019-09-03T14:56:14Z" finished-at="2019-09-03T14:56:15Z">
          <reporter-output>
          </reporter-output>
        </test-method> <!-- tearDown -->
      </class> <!-- carwale.qa.testcases.NewCarsPageTest -->
    </test> <!-- Carwale App Test Cases -->
  </suite> <!-- Carwale Application Test Automation Test Suite -->
</testng-results>
