<?xml version="1.0" encoding="UTF-8"?>
<!-- Generated by org.testng.reporters.JUnitReportReporter -->
<testsuite skipped="0" hostname="DESKTOP-0QABEA8" name="carwale.qa.testcases.HomePageTest" tests="4" failures="1" timestamp="03 Sep 2019 09:27:56 GMT" time="61.901" errors="0">
  <testcase name="homePageTitleTest" time="12.570" classname="carwale.qa.testcases.HomePageTest"/>
  <testcase name="clickOnNewCarsLinkTest" time="19.271" classname="carwale.qa.testcases.HomePageTest"/>
  <testcase name="validateSearchBoxTest" time="19.954" classname="carwale.qa.testcases.HomePageTest">
    <failure type="java.lang.AssertionError" message="expected [Porsche Macan Price in India - Images, Mileage, Colours - CarWale] but found [Maruti Cars in India - Maruti Car Models - Prices, Reviews &amp; Dealers - CarWale]">
      <![CDATA[java.lang.AssertionError: expected [Porsche Macan Price in India - Images, Mileage, Colours - CarWale] but found [Maruti Cars in India - Maruti Car Models - Prices, Reviews & Dealers - CarWale]
	at org.testng.Assert.fail(Assert.java:93)
	at org.testng.Assert.failNotEquals(Assert.java:512)
	at org.testng.Assert.assertEqualsImpl(Assert.java:134)
	at org.testng.Assert.assertEquals(Assert.java:115)
	at org.testng.Assert.assertEquals(Assert.java:189)
	at org.testng.Assert.assertEquals(Assert.java:199)
	at carwale.qa.testcases.HomePageTest.validateSearchBoxTest(HomePageTest.java:40)
	at sun.reflect.NativeMethodAccessorImpl.invoke0(Native Method)
	at sun.reflect.NativeMethodAccessorImpl.invoke(Unknown Source)
	at sun.reflect.DelegatingMethodAccessorImpl.invoke(Unknown Source)
	at java.lang.reflect.Method.invoke(Unknown Source)
	at org.testng.internal.MethodInvocationHelper.invokeMethod(MethodInvocationHelper.java:108)
	at org.testng.internal.Invoker.invokeMethod(Invoker.java:661)
	at org.testng.internal.Invoker.invokeTestMethod(Invoker.java:869)
	at org.testng.internal.Invoker.invokeTestMethods(Invoker.java:1193)
	at org.testng.internal.TestMethodWorker.invokeTestMethods(TestMethodWorker.java:126)
	at org.testng.internal.TestMethodWorker.run(TestMethodWorker.java:109)
	at org.testng.TestRunner.privateRun(TestRunner.java:744)
	at org.testng.TestRunner.run(TestRunner.java:602)
	at org.testng.SuiteRunner.runTest(SuiteRunner.java:380)
	at org.testng.SuiteRunner.runSequentially(SuiteRunner.java:375)
	at org.testng.SuiteRunner.privateRun(SuiteRunner.java:340)
	at org.testng.SuiteRunner.run(SuiteRunner.java:289)
	at org.testng.SuiteRunnerWorker.runSuite(SuiteRunnerWorker.java:52)
	at org.testng.SuiteRunnerWorker.run(SuiteRunnerWorker.java:86)
	at org.testng.TestNG.runSuitesSequentially(TestNG.java:1301)
	at org.testng.TestNG.runSuitesLocally(TestNG.java:1226)
	at org.testng.TestNG.runSuites(TestNG.java:1144)
	at org.testng.TestNG.run(TestNG.java:1115)
	at org.testng.remote.AbstractRemoteTestNG.run(AbstractRemoteTestNG.java:114)
	at org.testng.remote.RemoteTestNG.initAndRun(RemoteTestNG.java:251)
	at org.testng.remote.RemoteTestNG.main(RemoteTestNG.java:77)
]]>
    </failure>
  </testcase> <!-- validateSearchBoxTest -->
  <testcase name="openSignUpPage" time="10.106" classname="carwale.qa.testcases.HomePageTest"/>
</testsuite> <!-- carwale.qa.testcases.HomePageTest -->
